0 info it worked if it ends with ok
1 verbose cli [ '/usr/local/bin/node',
1 verbose cli   '/usr/local/bin/npm',
1 verbose cli   'install',
1 verbose cli   'node-static',
1 verbose cli   '-g' ]
2 info using npm@2.15.1
3 info using node@v4.4.3
4 verbose install initial load of /usr/local/lib/package.json
5 verbose readDependencies loading dependencies from /usr/local/lib/package.json
6 silly cache add args [ 'node-static', null ]
7 verbose cache add spec node-static
8 silly cache add parsed spec Result {
8 silly cache add   raw: 'node-static',
8 silly cache add   scope: null,
8 silly cache add   name: 'node-static',
8 silly cache add   rawSpec: '',
8 silly cache add   spec: 'latest',
8 silly cache add   type: 'tag' }
9 silly addNamed node-static@latest
10 verbose addNamed "latest" is being treated as a dist-tag for node-static
11 info addNameTag [ 'node-static', 'latest' ]
12 silly mapToRegistry name node-static
13 silly mapToRegistry using default registry
14 silly mapToRegistry registry https://registry.npmjs.org/
15 silly mapToRegistry data Result {
15 silly mapToRegistry   raw: 'node-static',
15 silly mapToRegistry   scope: null,
15 silly mapToRegistry   name: 'node-static',
15 silly mapToRegistry   rawSpec: '',
15 silly mapToRegistry   spec: 'latest',
15 silly mapToRegistry   type: 'tag' }
16 silly mapToRegistry uri https://registry.npmjs.org/node-static
17 verbose addNameTag registry:https://registry.npmjs.org/node-static not in flight; fetching
18 verbose get https://registry.npmjs.org/node-static not expired, no request
19 silly addNameTag next cb for node-static with tag latest
20 silly addNamed node-static@0.7.7
21 verbose addNamed "0.7.7" is a plain semver version for node-static
22 silly cache afterAdd node-static@0.7.7
23 verbose afterAdd /Users/Stephen/.npm/node-static/0.7.7/package/package.json not in flight; writing
24 verbose correctMkdir /Users/Stephen/.npm correctMkdir not in flight; initializing
25 verbose afterAdd /Users/Stephen/.npm/node-static/0.7.7/package/package.json written
26 silly install resolved [ { name: 'node-static',
26 silly install resolved     description: 'simple, compliant file streaming module for node',
26 silly install resolved     url: 'http://github.com/cloudhead/node-static',
26 silly install resolved     keywords: [ 'http', 'static', 'file', 'server' ],
26 silly install resolved     author: { name: 'Alexis Sellier', email: 'self@cloudhead.net' },
26 silly install resolved     contributors: [ [Object], [Object] ],
26 silly install resolved     repository:
26 silly install resolved      { type: 'git',
26 silly install resolved        url: 'git+ssh://git@github.com/cloudhead/node-static.git' },
26 silly install resolved     main: './lib/node-static',
26 silly install resolved     scripts: { test: 'vows --spec --isolate' },
26 silly install resolved     bin: { static: 'bin/cli.js' },
26 silly install resolved     license: 'MIT',
26 silly install resolved     dependencies: { optimist: '>=0.3.4', colors: '>=0.6.0', mime: '>=1.2.9' },
26 silly install resolved     devDependencies: { request: 'latest', vows: 'latest' },
26 silly install resolved     version: '0.7.7',
26 silly install resolved     engines: { node: '>= 0.4.1' },
26 silly install resolved     bugs: { url: 'https://github.com/cloudhead/node-static/issues' },
26 silly install resolved     homepage: 'https://github.com/cloudhead/node-static',
26 silly install resolved     directories: { example: 'examples', test: 'test' },
26 silly install resolved     gitHead: '092d62eef7f557abcedc956cea577a9accd94c91',
26 silly install resolved     _id: 'node-static@0.7.7',
26 silly install resolved     _shasum: '93081d834d9bd9d83737798df3da3cd538e8908a',
26 silly install resolved     _from: 'node-static@latest',
26 silly install resolved     _npmVersion: '2.7.5',
26 silly install resolved     _nodeVersion: '0.12.2',
26 silly install resolved     _npmUser: { name: 'cloudhead', email: 'self@cloudhead.net' },
26 silly install resolved     dist:
26 silly install resolved      { shasum: '93081d834d9bd9d83737798df3da3cd538e8908a',
26 silly install resolved        tarball: 'https://registry.npmjs.org/node-static/-/node-static-0.7.7.tgz' },
26 silly install resolved     maintainers: [ [Object], [Object], [Object] ],
26 silly install resolved     _resolved: 'https://registry.npmjs.org/node-static/-/node-static-0.7.7.tgz',
26 silly install resolved     readme: 'ERROR: No README data found!' } ]
27 info install node-static@0.7.7 into /usr/local/lib
28 info installOne node-static@0.7.7
29 verbose installOne of node-static to /usr/local/lib not in flight; installing
30 verbose correctMkdir /Users/Stephen/.npm/_locks correctMkdir not in flight; initializing
31 verbose lock using /Users/Stephen/.npm/_locks/node-static-bdc0099f99ada52d.lock for /usr/local/lib/node_modules/node-static
32 silly install write writing node-static 0.7.7 to /usr/local/lib/node_modules/node-static
33 verbose unbuild lib/node_modules/node-static
34 silly gentlyRm /usr/local/lib/node_modules/node-static is being purged from base /usr/local
35 verbose gentlyRm don't care about contents; nuking /usr/local/lib/node_modules/node-static
36 verbose tar unpack /Users/Stephen/.npm/node-static/0.7.7/package.tgz
37 verbose tar unpacking to /usr/local/lib/node_modules/node-static
38 silly gentlyRm /usr/local/lib/node_modules/node-static is being purged
39 verbose gentlyRm don't care about contents; nuking /usr/local/lib/node_modules/node-static
40 silly gunzTarPerm modes [ '755', '644' ]
41 error tar.unpack untar error /Users/Stephen/.npm/node-static/0.7.7/package.tgz
42 verbose unlock done using /Users/Stephen/.npm/_locks/node-static-bdc0099f99ada52d.lock for /usr/local/lib/node_modules/node-static
43 verbose fstream_path /usr/local/lib/node_modules/node-static
44 verbose fstream_type Directory
45 verbose fstream_class DirWriter
46 verbose stack Error: EACCES: permission denied, mkdir '/usr/local/lib/node_modules/node-static'
46 verbose stack     at Error (native)
47 verbose fstream_stack /usr/local/lib/node_modules/npm/node_modules/fstream/lib/dir-writer.js:35:25
47 verbose fstream_stack /usr/local/lib/node_modules/npm/node_modules/mkdirp/index.js:47:53
47 verbose fstream_stack FSReqWrap.oncomplete (fs.js:82:15)
48 verbose cwd /Users/Stephen/src/github/01-AstroWeightCalculator
49 error Darwin 15.4.0
50 error argv "/usr/local/bin/node" "/usr/local/bin/npm" "install" "node-static" "-g"
51 error node v4.4.3
52 error npm  v2.15.1
53 error path /usr/local/lib/node_modules/node-static
54 error code EACCES
55 error errno -13
56 error syscall mkdir
57 error Error: EACCES: permission denied, mkdir '/usr/local/lib/node_modules/node-static'
57 error     at Error (native)
57 error  { [Error: EACCES: permission denied, mkdir '/usr/local/lib/node_modules/node-static']
57 error   errno: -13,
57 error   code: 'EACCES',
57 error   syscall: 'mkdir',
57 error   path: '/usr/local/lib/node_modules/node-static',
57 error   fstream_type: 'Directory',
57 error   fstream_path: '/usr/local/lib/node_modules/node-static',
57 error   fstream_class: 'DirWriter',
57 error   fstream_stack:
57 error    [ '/usr/local/lib/node_modules/npm/node_modules/fstream/lib/dir-writer.js:35:25',
57 error      '/usr/local/lib/node_modules/npm/node_modules/mkdirp/index.js:47:53',
57 error      'FSReqWrap.oncomplete (fs.js:82:15)' ] }
58 error Please try running this command again as root/Administrator.
59 verbose exit [ -13, true ]
60 verbose unbuild lib/node_modules/node-static
61 silly gentlyRm /usr/local/lib/node_modules/node-static is being purged from base /usr/local
62 verbose gentlyRm don't care about contents; nuking /usr/local/lib/node_modules/node-static
